csv   1K 1000000  RabinKarp(seed=0, offs=0, map=pow, mult=0x41c64e6d) 0/0.000233/2/0.015258 0.999767 0.000097 2/15.258789/34/3.905892
csv   1K 1000000  RabinKarp(seed=1, offs=0, map=pow, mult=0x41c64e6d) 0/0.000233/2/0.015258 0.999767 0.000097 2/15.258789/33/3.900462
csv   1K 1000000  RabinKarp(seed=0, offs=1, map=pow, mult=0x41c64e6d) 0/0.000233/2/0.015258 0.999767 0.000097 2/15.258789/34/3.905892
csv   1K 1000000   RabinKarp(seed=0, offs=0, map=pow, mult=0x8104225) 0/0.000233/2/0.015259 0.999767 0.000103 2/15.258789/33/3.887158
csv   1K 1000000   RabinKarp(seed=0, offs=0, map=ord, mult=0x8104225) 0/0.000233/2/0.015259 0.999767 0.000108 2/15.258789/33/3.910039
csv   1K 1000000  RabinKarp(seed=0, offs=0, map=pow, mult=0xfffffffd) 0/0.000233/2/0.015259 0.999767 0.000108 1/15.258789/36/3.916212
csv   1K 1000000  RabinKarp(seed=0, offs=0, map=pow, mult=0x55555555) 0/0.000233/2/0.015259 0.999767 0.000114 2/15.258789/32/3.900095
csv   1K 1000000  RabinKarp(seed=0, offs=0, map=ord, mult=0x55555555) 0/0.000233/2/0.015259 0.999767 0.000126 1/15.258789/37/3.889925
csv   1K 1000000  RabinKarp(seed=0, offs=0, map=ord, mult=0x41c64e6d) 0/0.000233/2/0.015259 0.999767 0.000129 2/15.258789/33/3.907802
csv   1K 1000000  RabinKarp(seed=1, offs=0, map=ord, mult=0x41c64e6d) 0/0.000233/2/0.015259 0.999767 0.000129 2/15.258789/33/3.905041
csv   1K 1000000  RabinKarp(seed=0, offs=1, map=ord, mult=0x41c64e6d) 0/0.000233/2/0.015259 0.999767 0.000129 2/15.258789/33/3.907802
csv   1K 1000000  RabinKarp(seed=0, offs=0, map=ord, mult=0xfffffffd) 0/0.000233/2/0.015259 0.999767 0.000139 2/15.258789/35/3.901319
csv   1K 1000000       RollSum(seed=1, offs=0, map=pow, base=0x10000) 0/0.000233/3/0.015260 0.999767 0.000170 0/15.258789/73/7.124427
csv   1K 1000000                  CyclicPoly(seed=0, offs=0, map=pow) 0/0.000233/3/0.015315 0.999768 0.003792 2/15.258789/36/3.927561
csv   1K 1000000                  CyclicPoly(seed=0, offs=0, map=ord) 0/0.000233/2/0.015315 0.999768 0.003798 1/15.258789/36/4.022233
csv   1K 1000000       RollSum(seed=1, offs=0, map=ord, base=0x10000) 0/0.000233/3/0.015436 0.999770 0.011695 0/15.258789/2347/152.535870
csv   4K 1000000  RabinKarp(seed=0, offs=0, map=pow, mult=0x55555555) 0/0.000233/2/0.015259 0.999767 0.000114 1/15.258789/35/3.900822
csv   4K 1000000  RabinKarp(seed=0, offs=0, map=pow, mult=0xfffffffd) 0/0.000233/2/0.015259 0.999767 0.000120 2/15.258789/34/3.907174
csv   4K 1000000   RabinKarp(seed=0, offs=0, map=ord, mult=0x8104225) 0/0.000233/2/0.015259 0.999767 0.000121 2/15.258789/35/3.930233
csv   4K 1000000  RabinKarp(seed=0, offs=0, map=ord, mult=0x55555555) 0/0.000233/2/0.015259 0.999767 0.000123 2/15.258789/35/3.902844
csv   4K 1000000  RabinKarp(seed=0, offs=0, map=pow, mult=0x41c64e6d) 0/0.000233/2/0.015259 0.999767 0.000123 1/15.258789/34/3.895663
csv   4K 1000000  RabinKarp(seed=1, offs=0, map=pow, mult=0x41c64e6d) 0/0.000233/2/0.015259 0.999767 0.000123 1/15.258789/36/3.892407
csv   4K 1000000  RabinKarp(seed=0, offs=1, map=pow, mult=0x41c64e6d) 0/0.000233/2/0.015259 0.999767 0.000123 1/15.258789/34/3.895663
csv   4K 1000000  RabinKarp(seed=0, offs=0, map=ord, mult=0xfffffffd) 0/0.000233/2/0.015259 0.999767 0.000124 1/15.258789/35/3.919129
csv   4K 1000000  RabinKarp(seed=0, offs=0, map=ord, mult=0x41c64e6d) 0/0.000233/2/0.015259 0.999767 0.000124 2/15.258789/35/3.903489
csv   4K 1000000  RabinKarp(seed=1, offs=0, map=ord, mult=0x41c64e6d) 0/0.000233/2/0.015259 0.999767 0.000124 0/15.258789/34/3.908197
csv   4K 1000000  RabinKarp(seed=0, offs=1, map=ord, mult=0x41c64e6d) 0/0.000233/2/0.015259 0.999767 0.000124 2/15.258789/35/3.903489
csv   4K 1000000   RabinKarp(seed=0, offs=0, map=pow, mult=0x8104225) 0/0.000233/2/0.015259 0.999767 0.000127 2/15.258789/33/3.911561
csv   4K 1000000       RollSum(seed=1, offs=0, map=pow, base=0x10000) 0/0.000233/21/0.015262 0.999767 0.000150 2/15.258789/71/5.045936
csv   4K 1000000                  CyclicPoly(seed=0, offs=0, map=pow) 0/0.000233/3/0.015316 0.999768 0.003892 2/15.258789/35/3.938525
csv   4K 1000000                  CyclicPoly(seed=0, offs=0, map=ord) 0/0.000233/3/0.015317 0.999768 0.003918 2/15.258789/36/3.985721
csv   4K 1000000       RollSum(seed=1, offs=0, map=ord, base=0x10000) 0/0.000233/3/0.015353 0.999769 0.006288 0/15.258789/1286/110.582906
csv  16K 1000000  RabinKarp(seed=0, offs=0, map=pow, mult=0x41c64e6d) 0/0.000233/2/0.015259 0.999767 0.000107 3/15.258789/34/3.896768
csv  16K 1000000  RabinKarp(seed=1, offs=0, map=pow, mult=0x41c64e6d) 0/0.000233/2/0.015259 0.999767 0.000107 2/15.258789/33/3.904181
csv  16K 1000000  RabinKarp(seed=0, offs=1, map=pow, mult=0x41c64e6d) 0/0.000233/2/0.015259 0.999767 0.000107 3/15.258789/34/3.896768
csv  16K 1000000   RabinKarp(seed=0, offs=0, map=ord, mult=0x8104225) 0/0.000233/2/0.015259 0.999767 0.000114 3/15.258789/34/3.902152
csv  16K 1000000  RabinKarp(seed=0, offs=0, map=pow, mult=0xfffffffd) 0/0.000233/2/0.015259 0.999767 0.000115 2/15.258789/34/3.935827
csv  16K 1000000  RabinKarp(seed=0, offs=0, map=ord, mult=0x41c64e6d) 0/0.000233/2/0.015259 0.999767 0.000118 2/15.258789/35/3.891372
csv  16K 1000000  RabinKarp(seed=1, offs=0, map=ord, mult=0x41c64e6d) 0/0.000233/2/0.015259 0.999767 0.000118 2/15.258789/35/3.897445
csv  16K 1000000  RabinKarp(seed=0, offs=1, map=ord, mult=0x41c64e6d) 0/0.000233/2/0.015259 0.999767 0.000118 2/15.258789/35/3.891372
csv  16K 1000000  RabinKarp(seed=0, offs=0, map=ord, mult=0x55555555) 0/0.000233/2/0.015259 0.999767 0.000119 2/15.258789/33/3.913725
csv  16K 1000000   RabinKarp(seed=0, offs=0, map=pow, mult=0x8104225) 0/0.000233/2/0.015259 0.999767 0.000121 2/15.258789/33/3.889301
csv  16K 1000000  RabinKarp(seed=0, offs=0, map=ord, mult=0xfffffffd) 0/0.000233/2/0.015259 0.999767 0.000123 2/15.258789/33/3.890941
csv  16K 1000000  RabinKarp(seed=0, offs=0, map=pow, mult=0x55555555) 0/0.000233/2/0.015259 0.999767 0.000125 2/15.258789/34/3.897715
csv  16K 1000000       RollSum(seed=1, offs=0, map=pow, base=0x10000) 0/0.000233/3/0.015259 0.999767 0.000126 1/15.258789/71/5.058551
csv  16K 1000000       RollSum(seed=1, offs=0, map=ord, base=0x10000) 0/0.000233/6/0.015306 0.999768 0.003141 0/15.258789/668/77.033662
csv  16K 1000000                  CyclicPoly(seed=0, offs=0, map=ord) 0/0.000233/2/0.015312 0.999768 0.003593 2/15.258789/36/4.014015
csv  16K 1000000                  CyclicPoly(seed=0, offs=0, map=pow) 0/0.000233/3/0.015312 0.999768 0.003593 2/15.258789/35/3.912668
csv  64K 1000000   RabinKarp(seed=0, offs=0, map=ord, mult=0x8104225) 0/0.000233/2/0.015259 0.999767 0.000106 2/15.258789/34/3.890388
csv  64K 1000000   RabinKarp(seed=0, offs=0, map=pow, mult=0x8104225) 0/0.000233/2/0.015259 0.999767 0.000108 2/15.258789/36/3.908044
csv  64K 1000000  RabinKarp(seed=0, offs=0, map=ord, mult=0x41c64e6d) 0/0.000233/2/0.015259 0.999767 0.000113 1/15.258789/33/3.910628
csv  64K 1000000  RabinKarp(seed=1, offs=0, map=ord, mult=0x41c64e6d) 0/0.000233/2/0.015259 0.999767 0.000113 0/15.258789/33/3.902711
csv  64K 1000000  RabinKarp(seed=0, offs=1, map=ord, mult=0x41c64e6d) 0/0.000233/2/0.015259 0.999767 0.000113 1/15.258789/33/3.910628
csv  64K 1000000  RabinKarp(seed=0, offs=0, map=pow, mult=0x41c64e6d) 0/0.000233/2/0.015259 0.999767 0.000119 2/15.258789/33/3.911530
csv  64K 1000000  RabinKarp(seed=1, offs=0, map=pow, mult=0x41c64e6d) 0/0.000233/2/0.015259 0.999767 0.000119 2/15.258789/34/3.917532
csv  64K 1000000  RabinKarp(seed=0, offs=1, map=pow, mult=0x41c64e6d) 0/0.000233/2/0.015259 0.999767 0.000119 2/15.258789/33/3.911530
csv  64K 1000000  RabinKarp(seed=0, offs=0, map=pow, mult=0xfffffffd) 0/0.000233/2/0.015259 0.999767 0.000121 3/15.258789/36/3.907166
csv  64K 1000000  RabinKarp(seed=0, offs=0, map=ord, mult=0xfffffffd) 0/0.000233/2/0.015259 0.999767 0.000122 2/15.258789/32/3.908544
csv  64K 1000000  RabinKarp(seed=0, offs=0, map=ord, mult=0x55555555) 0/0.000233/2/0.015259 0.999767 0.000122 2/15.258789/33/3.891760
csv  64K 1000000  RabinKarp(seed=0, offs=0, map=pow, mult=0x55555555) 0/0.000233/2/0.015259 0.999767 0.000128 1/15.258789/32/3.897026
csv  64K 1000000       RollSum(seed=1, offs=0, map=pow, base=0x10000) 0/0.000233/9/0.015260 0.999767 0.000129 2/15.258789/66/5.024426
csv  64K 1000000       RollSum(seed=1, offs=0, map=ord, base=0x10000) 0/0.000233/3/0.015280 0.999768 0.001527 0/15.258789/362/52.427061
csv  64K 1000000                  CyclicPoly(seed=0, offs=0, map=pow) 0/0.000233/2/0.015314 0.999768 0.003715 2/15.258789/35/3.919464
csv  64K 1000000                  CyclicPoly(seed=0, offs=0, map=ord) 0/0.000233/3/0.015314 0.999768 0.003741 2/15.258789/37/3.987363
zip   1K 1000000  RabinKarp(seed=0, offs=0, map=pow, mult=0x55555555) 0/0.000233/2/0.015258 0.999767 0.000096 2/15.258789/35/3.903431
zip   1K 1000000   RabinKarp(seed=0, offs=0, map=pow, mult=0x8104225) 0/0.000233/2/0.015259 0.999767 0.000105 2/15.258789/33/3.902387
zip   1K 1000000  RabinKarp(seed=0, offs=0, map=pow, mult=0xfffffffd) 0/0.000233/2/0.015259 0.999767 0.000116 1/15.258789/34/3.924992
zip   1K 1000000   RabinKarp(seed=0, offs=0, map=ord, mult=0x8104225) 0/0.000233/2/0.015259 0.999767 0.000120 3/15.258789/36/3.906830
zip   1K 1000000                  CyclicPoly(seed=0, offs=0, map=pow) 0/0.000233/2/0.015259 0.999767 0.000122 1/15.258789/34/3.911522
zip   1K 1000000  RabinKarp(seed=0, offs=0, map=ord, mult=0x41c64e6d) 0/0.000233/2/0.015259 0.999767 0.000126 3/15.258789/37/3.903126
zip   1K 1000000  RabinKarp(seed=1, offs=0, map=ord, mult=0x41c64e6d) 0/0.000233/2/0.015259 0.999767 0.000126 2/15.258789/36/3.908591
zip   1K 1000000  RabinKarp(seed=0, offs=1, map=ord, mult=0x41c64e6d) 0/0.000233/2/0.015259 0.999767 0.000126 3/15.258789/37/3.903126
zip   1K 1000000  RabinKarp(seed=0, offs=0, map=ord, mult=0x55555555) 0/0.000233/2/0.015259 0.999767 0.000128 3/15.258789/34/3.903563
zip   1K 1000000  RabinKarp(seed=0, offs=0, map=pow, mult=0x41c64e6d) 0/0.000233/2/0.015259 0.999767 0.000128 3/15.258789/34/3.887574
zip   1K 1000000  RabinKarp(seed=1, offs=0, map=pow, mult=0x41c64e6d) 0/0.000233/2/0.015259 0.999767 0.000128 2/15.258789/34/3.889791
zip   1K 1000000  RabinKarp(seed=0, offs=1, map=pow, mult=0x41c64e6d) 0/0.000233/2/0.015259 0.999767 0.000128 3/15.258789/34/3.887574
zip   1K 1000000                  CyclicPoly(seed=0, offs=0, map=ord) 0/0.000233/2/0.015259 0.999767 0.000136 2/15.258789/39/3.915807
zip   1K 1000000       RollSum(seed=1, offs=0, map=pow, base=0x10000) 0/0.000233/2/0.015259 0.999767 0.000138 1/15.258789/32/3.917883
zip   1K 1000000  RabinKarp(seed=0, offs=0, map=ord, mult=0xfffffffd) 0/0.000233/2/0.015259 0.999767 0.000141 2/15.258789/34/3.913437
zip   1K 1000000       RollSum(seed=1, offs=0, map=ord, base=0x10000) 0/0.000233/3/0.015267 0.999767 0.000641 0/15.258789/168/33.509293
zip   4K 1000000  RabinKarp(seed=0, offs=0, map=ord, mult=0xfffffffd) 0/0.000233/2/0.015258 0.999767 0.000093 2/15.258789/35/3.885973
zip   4K 1000000  RabinKarp(seed=0, offs=0, map=pow, mult=0x41c64e6d) 0/0.000233/2/0.015259 0.999767 0.000101 2/15.258789/35/3.912902
zip   4K 1000000  RabinKarp(seed=1, offs=0, map=pow, mult=0x41c64e6d) 0/0.000233/2/0.015259 0.999767 0.000101 2/15.258789/35/3.902950
zip   4K 1000000  RabinKarp(seed=0, offs=1, map=pow, mult=0x41c64e6d) 0/0.000233/2/0.015259 0.999767 0.000101 2/15.258789/35/3.912902
zip   4K 1000000  RabinKarp(seed=0, offs=0, map=pow, mult=0x55555555) 0/0.000233/2/0.015259 0.999767 0.000103 2/15.258789/34/3.908618
zip   4K 1000000   RabinKarp(seed=0, offs=0, map=pow, mult=0x8104225) 0/0.000233/2/0.015259 0.999767 0.000103 2/15.258789/36/3.908111
zip   4K 1000000   RabinKarp(seed=0, offs=0, map=ord, mult=0x8104225) 0/0.000233/2/0.015259 0.999767 0.000108 3/15.258789/34/3.912427
zip   4K 1000000       RollSum(seed=1, offs=0, map=pow, base=0x10000) 0/0.000233/2/0.015259 0.999767 0.000115 2/15.258789/36/3.908950
zip   4K 1000000                  CyclicPoly(seed=0, offs=0, map=pow) 0/0.000233/2/0.015259 0.999767 0.000117 1/15.258789/34/3.889991
zip   4K 1000000  RabinKarp(seed=0, offs=0, map=ord, mult=0x55555555) 0/0.000233/2/0.015259 0.999767 0.000122 2/15.258789/33/3.936769
zip   4K 1000000  RabinKarp(seed=0, offs=0, map=ord, mult=0x41c64e6d) 0/0.000233/2/0.015259 0.999767 0.000122 3/15.258789/34/3.906193
zip   4K 1000000  RabinKarp(seed=1, offs=0, map=ord, mult=0x41c64e6d) 0/0.000233/2/0.015259 0.999767 0.000122 2/15.258789/34/3.906037
zip   4K 1000000  RabinKarp(seed=0, offs=1, map=ord, mult=0x41c64e6d) 0/0.000233/2/0.015259 0.999767 0.000122 3/15.258789/34/3.906193
zip   4K 1000000                  CyclicPoly(seed=0, offs=0, map=ord) 0/0.000233/2/0.015259 0.999767 0.000123 2/15.258789/34/3.896772
zip   4K 1000000  RabinKarp(seed=0, offs=0, map=pow, mult=0xfffffffd) 0/0.000233/2/0.015259 0.999767 0.000125 2/15.258789/33/3.910441
zip   4K 1000000       RollSum(seed=1, offs=0, map=ord, base=0x10000) 0/0.000233/2/0.015261 0.999767 0.000291 0/15.258789/86/18.711690
zip  16K 1000000       RollSum(seed=1, offs=0, map=pow, base=0x10000) 0/0.000233/2/0.015259 0.999767 0.000101 2/15.258789/38/3.898592
zip  16K 1000000                  CyclicPoly(seed=0, offs=0, map=ord) 0/0.000233/2/0.015259 0.999767 0.000104 2/15.258789/36/3.901569
zip  16K 1000000  RabinKarp(seed=0, offs=0, map=pow, mult=0x55555555) 0/0.000233/2/0.015259 0.999767 0.000108 2/15.258789/34/3.898600
zip  16K 1000000  RabinKarp(seed=0, offs=0, map=ord, mult=0x41c64e6d) 0/0.000233/2/0.015259 0.999767 0.000110 2/15.258789/32/3.908638
zip  16K 1000000  RabinKarp(seed=1, offs=0, map=ord, mult=0x41c64e6d) 0/0.000233/2/0.015259 0.999767 0.000110 2/15.258789/33/3.915518
zip  16K 1000000  RabinKarp(seed=0, offs=1, map=ord, mult=0x41c64e6d) 0/0.000233/2/0.015259 0.999767 0.000110 2/15.258789/32/3.908638
zip  16K 1000000                  CyclicPoly(seed=0, offs=0, map=pow) 0/0.000233/2/0.015259 0.999767 0.000110 2/15.258789/32/3.906853
zip  16K 1000000  RabinKarp(seed=0, offs=0, map=ord, mult=0xfffffffd) 0/0.000233/2/0.015259 0.999767 0.000116 2/15.258789/34/3.902938
zip  16K 1000000  RabinKarp(seed=0, offs=0, map=ord, mult=0x55555555) 0/0.000233/2/0.015259 0.999767 0.000120 2/15.258789/33/3.905834
zip  16K 1000000  RabinKarp(seed=0, offs=0, map=pow, mult=0xfffffffd) 0/0.000233/2/0.015259 0.999767 0.000122 2/15.258789/35/3.914559
zip  16K 1000000   RabinKarp(seed=0, offs=0, map=pow, mult=0x8104225) 0/0.000233/2/0.015259 0.999767 0.000124 1/15.258789/34/3.891109
zip  16K 1000000  RabinKarp(seed=0, offs=0, map=pow, mult=0x41c64e6d) 0/0.000233/2/0.015259 0.999767 0.000126 2/15.258789/34/3.918304
zip  16K 1000000  RabinKarp(seed=1, offs=0, map=pow, mult=0x41c64e6d) 0/0.000233/2/0.015259 0.999767 0.000126 2/15.258789/34/3.906326
zip  16K 1000000  RabinKarp(seed=0, offs=1, map=pow, mult=0x41c64e6d) 0/0.000233/2/0.015259 0.999767 0.000126 2/15.258789/34/3.918304
zip  16K 1000000       RollSum(seed=1, offs=0, map=ord, base=0x10000) 0/0.000233/2/0.015259 0.999767 0.000127 0/15.258789/47/6.053509
zip  16K 1000000   RabinKarp(seed=0, offs=0, map=ord, mult=0x8104225) 0/0.000233/2/0.015259 0.999767 0.000131 3/15.258789/34/3.896920
zip  64K 1000000  RabinKarp(seed=0, offs=0, map=ord, mult=0x41c64e6d) 0/0.000233/2/0.015259 0.999767 0.000102 2/15.258789/33/3.880534
zip  64K 1000000  RabinKarp(seed=1, offs=0, map=ord, mult=0x41c64e6d) 0/0.000233/2/0.015259 0.999767 0.000102 2/15.258789/32/3.887841
zip  64K 1000000  RabinKarp(seed=0, offs=1, map=ord, mult=0x41c64e6d) 0/0.000233/2/0.015259 0.999767 0.000102 2/15.258789/33/3.880534
zip  64K 1000000       RollSum(seed=1, offs=0, map=ord, base=0x10000) 0/0.000233/2/0.015259 0.999767 0.000105 1/15.258789/44/5.401445
zip  64K 1000000  RabinKarp(seed=0, offs=0, map=pow, mult=0x41c64e6d) 0/0.000233/2/0.015259 0.999767 0.000107 3/15.258789/34/3.905486
zip  64K 1000000  RabinKarp(seed=1, offs=0, map=pow, mult=0x41c64e6d) 0/0.000233/2/0.015259 0.999767 0.000107 2/15.258789/34/3.906123
zip  64K 1000000  RabinKarp(seed=0, offs=1, map=pow, mult=0x41c64e6d) 0/0.000233/2/0.015259 0.999767 0.000107 3/15.258789/34/3.905486
zip  64K 1000000  RabinKarp(seed=0, offs=0, map=pow, mult=0xfffffffd) 0/0.000233/2/0.015259 0.999767 0.000108 2/15.258789/33/3.910222
zip  64K 1000000  RabinKarp(seed=0, offs=0, map=ord, mult=0x55555555) 0/0.000233/2/0.015259 0.999767 0.000109 2/15.258789/34/3.906150
zip  64K 1000000  RabinKarp(seed=0, offs=0, map=ord, mult=0xfffffffd) 0/0.000233/2/0.015259 0.999767 0.000110 2/15.258789/34/3.892101
zip  64K 1000000  RabinKarp(seed=0, offs=0, map=pow, mult=0x55555555) 0/0.000233/2/0.015259 0.999767 0.000114 2/15.258789/34/3.894582
zip  64K 1000000                  CyclicPoly(seed=0, offs=0, map=ord) 0/0.000233/2/0.015259 0.999767 0.000115 2/15.258789/34/3.913819
zip  64K 1000000   RabinKarp(seed=0, offs=0, map=pow, mult=0x8104225) 0/0.000233/2/0.015259 0.999767 0.000115 2/15.258789/33/3.903235
zip  64K 1000000                  CyclicPoly(seed=0, offs=0, map=pow) 0/0.000233/2/0.015259 0.999767 0.000116 2/15.258789/33/3.903907
zip  64K 1000000   RabinKarp(seed=0, offs=0, map=ord, mult=0x8104225) 0/0.000233/2/0.015259 0.999767 0.000119 2/15.258789/34/3.894453
zip  64K 1000000       RollSum(seed=1, offs=0, map=pow, base=0x10000) 0/0.000233/2/0.015259 0.999767 0.000122 2/15.258789/35/3.915756
