csv   1K 1000000  RabinKarp(seed=1, offs=0, map=pow, mult=0x41c64e6d) 0 2 0.000097 1.0000 2 33 0.934464 1.0030
csv   1K 1000000  RabinKarp(seed=0, offs=0, map=pow, mult=0x41c64e6d) 0 2 0.000097 1.0000 2 34 0.934464 1.0002
csv   1K 1000000  RabinKarp(seed=0, offs=1, map=pow, mult=0x41c64e6d) 0 2 0.000097 1.0000 2 34 0.934464 1.0002
csv   1K 1000000   RabinKarp(seed=0, offs=0, map=pow, mult=0x8104225) 0 2 0.000103 1.0000 2 33 0.934464 1.0098
csv   1K 1000000   RabinKarp(seed=0, offs=0, map=ord, mult=0x8104225) 0 2 0.000108 1.0000 2 33 0.934464 0.9981
csv   1K 1000000  RabinKarp(seed=0, offs=0, map=pow, mult=0xfffffffd) 0 2 0.000108 1.0000 1 36 0.934464 0.9949
csv   1K 1000000  RabinKarp(seed=0, offs=0, map=pow, mult=0x55555555) 0 2 0.000114 1.0000 2 32 0.934464 1.0032
csv   1K 1000000  RabinKarp(seed=0, offs=0, map=ord, mult=0x55555555) 0 2 0.000126 1.0000 1 37 0.934464 1.0084
csv   1K 1000000  RabinKarp(seed=1, offs=0, map=ord, mult=0x41c64e6d) 0 2 0.000129 1.0000 2 33 0.934464 1.0006
csv   1K 1000000  RabinKarp(seed=0, offs=0, map=ord, mult=0x41c64e6d) 0 2 0.000129 1.0000 2 33 0.934464 0.9992
csv   1K 1000000  RabinKarp(seed=0, offs=1, map=ord, mult=0x41c64e6d) 0 2 0.000129 1.0000 2 33 0.934464 0.9992
csv   1K 1000000  RabinKarp(seed=0, offs=0, map=ord, mult=0xfffffffd) 0 2 0.000139 1.0000 2 35 0.934464 1.0025
csv   1K 1000000       RollSum(seed=1, offs=0, map=pow, base=0x10000) 0 3 0.000170 0.9999 0 73 0.934475 0.3006
csv   1K 1000000                  CyclicPoly(seed=0, offs=0, map=pow) 0 3 0.003792 0.9927 2 36 0.934464 0.9892
csv   1K 1000000                  CyclicPoly(seed=0, offs=0, map=ord) 0 2 0.003798 0.9927 1 36 0.934464 0.9432
csv   1K 1000000       RollSum(seed=1, offs=0, map=mul, base=0x10000) 0 3 0.011695 0.9772 0 220 0.979985 0.0121
csv   1K 1000000       RollSum(seed=1, offs=0, map=ord, base=0x10000) 0 3 0.011695 0.9772 0 2347 0.997533 0.0007
csv   1K 1000000      RollSum(seed=0, offs=31, map=ord, base=0x10000) 0 3 0.011695 0.9772 0 2335 0.997530 0.0007
csv   4K 1000000  RabinKarp(seed=0, offs=0, map=pow, mult=0x55555555) 0 2 0.000114 1.0000 1 35 0.934464 1.0028
csv   4K 1000000  RabinKarp(seed=0, offs=0, map=pow, mult=0xfffffffd) 0 2 0.000120 1.0000 2 34 0.934464 0.9995
csv   4K 1000000   RabinKarp(seed=0, offs=0, map=ord, mult=0x8104225) 0 2 0.000121 1.0000 2 35 0.934464 0.9878
csv   4K 1000000  RabinKarp(seed=1, offs=0, map=pow, mult=0x41c64e6d) 0 2 0.000123 1.0000 1 36 0.934464 1.0071
csv   4K 1000000  RabinKarp(seed=0, offs=0, map=pow, mult=0x41c64e6d) 0 2 0.000123 1.0000 1 34 0.934464 1.0054
csv   4K 1000000  RabinKarp(seed=0, offs=1, map=pow, mult=0x41c64e6d) 0 2 0.000123 1.0000 1 34 0.934464 1.0054
csv   4K 1000000  RabinKarp(seed=0, offs=0, map=ord, mult=0x55555555) 0 2 0.000123 1.0000 2 35 0.934464 1.0017
csv   4K 1000000  RabinKarp(seed=0, offs=0, map=ord, mult=0x41c64e6d) 0 2 0.000124 1.0000 2 35 0.934464 1.0014
csv   4K 1000000  RabinKarp(seed=0, offs=1, map=ord, mult=0x41c64e6d) 0 2 0.000124 1.0000 2 35 0.934464 1.0014
csv   4K 1000000  RabinKarp(seed=1, offs=0, map=ord, mult=0x41c64e6d) 0 2 0.000124 1.0000 0 34 0.934465 0.9990
csv   4K 1000000  RabinKarp(seed=0, offs=0, map=ord, mult=0xfffffffd) 0 2 0.000124 1.0000 1 35 0.934464 0.9934
csv   4K 1000000   RabinKarp(seed=0, offs=0, map=pow, mult=0x8104225) 0 2 0.000127 1.0000 2 33 0.934464 0.9973
csv   4K 1000000       RollSum(seed=1, offs=0, map=pow, base=0x10000) 0 21 0.000150 0.9996 2 71 0.934464 0.5993
csv   4K 1000000                  CyclicPoly(seed=0, offs=0, map=pow) 0 3 0.003892 0.9925 2 35 0.934464 0.9837
csv   4K 1000000                  CyclicPoly(seed=0, offs=0, map=ord) 0 3 0.003918 0.9925 2 36 0.934464 0.9605
csv   4K 1000000       RollSum(seed=1, offs=0, map=mul, base=0x10000) 0 3 0.006288 0.9877 0 141 0.964222 0.0268
csv   4K 1000000      RollSum(seed=0, offs=31, map=ord, base=0x10000) 0 3 0.006288 0.9877 0 1304 0.996393 0.0012
csv   4K 1000000       RollSum(seed=1, offs=0, map=ord, base=0x10000) 0 3 0.006288 0.9877 0 1286 0.996392 0.0012
csv  16K 1000000  RabinKarp(seed=0, offs=0, map=pow, mult=0x41c64e6d) 0 2 0.000107 1.0000 3 34 0.934464 1.0049
csv  16K 1000000  RabinKarp(seed=0, offs=1, map=pow, mult=0x41c64e6d) 0 2 0.000107 1.0000 3 34 0.934464 1.0049
csv  16K 1000000  RabinKarp(seed=1, offs=0, map=pow, mult=0x41c64e6d) 0 2 0.000107 1.0000 2 33 0.934464 1.0011
csv  16K 1000000   RabinKarp(seed=0, offs=0, map=ord, mult=0x8104225) 0 2 0.000114 1.0000 3 34 0.934464 1.0021
csv  16K 1000000  RabinKarp(seed=0, offs=0, map=pow, mult=0xfffffffd) 0 2 0.000115 1.0000 2 34 0.934464 0.9850
csv  16K 1000000  RabinKarp(seed=0, offs=0, map=ord, mult=0x41c64e6d) 0 2 0.000118 1.0000 2 35 0.934464 1.0077
csv  16K 1000000  RabinKarp(seed=0, offs=1, map=ord, mult=0x41c64e6d) 0 2 0.000118 1.0000 2 35 0.934464 1.0077
csv  16K 1000000  RabinKarp(seed=1, offs=0, map=ord, mult=0x41c64e6d) 0 2 0.000118 1.0000 2 35 0.934464 1.0045
csv  16K 1000000  RabinKarp(seed=0, offs=0, map=ord, mult=0x55555555) 0 2 0.000119 1.0000 2 33 0.934464 0.9962
csv  16K 1000000   RabinKarp(seed=0, offs=0, map=pow, mult=0x8104225) 0 2 0.000121 1.0000 2 33 0.934464 1.0087
csv  16K 1000000  RabinKarp(seed=0, offs=0, map=ord, mult=0xfffffffd) 0 2 0.000123 1.0000 2 33 0.934464 1.0079
csv  16K 1000000  RabinKarp(seed=0, offs=0, map=pow, mult=0x55555555) 0 2 0.000125 1.0000 2 34 0.934464 1.0044
csv  16K 1000000       RollSum(seed=1, offs=0, map=pow, base=0x10000) 0 3 0.000126 1.0000 1 71 0.934464 0.5963
csv  16K 1000000       RollSum(seed=1, offs=0, map=mul, base=0x10000) 0 6 0.003141 0.9939 0 96 0.942716 0.0814
csv  16K 1000000      RollSum(seed=0, offs=31, map=ord, base=0x10000) 0 6 0.003141 0.9939 0 677 0.994480 0.0026
csv  16K 1000000       RollSum(seed=1, offs=0, map=ord, base=0x10000) 0 6 0.003141 0.9939 0 668 0.994481 0.0026
csv  16K 1000000                  CyclicPoly(seed=0, offs=0, map=ord) 0 2 0.003593 0.9931 2 36 0.934464 0.9470
csv  16K 1000000                  CyclicPoly(seed=0, offs=0, map=pow) 0 3 0.003593 0.9931 2 35 0.934464 0.9967
csv  64K 1000000   RabinKarp(seed=0, offs=0, map=ord, mult=0x8104225) 0 2 0.000106 1.0000 2 34 0.934464 1.0082
csv  64K 1000000   RabinKarp(seed=0, offs=0, map=pow, mult=0x8104225) 0 2 0.000108 1.0000 2 36 0.934464 0.9991
csv  64K 1000000  RabinKarp(seed=1, offs=0, map=ord, mult=0x41c64e6d) 0 2 0.000113 1.0000 0 33 0.934465 1.0018
csv  64K 1000000  RabinKarp(seed=0, offs=0, map=ord, mult=0x41c64e6d) 0 2 0.000113 1.0000 1 33 0.934464 0.9978
csv  64K 1000000  RabinKarp(seed=0, offs=1, map=ord, mult=0x41c64e6d) 0 2 0.000113 1.0000 1 33 0.934464 0.9978
csv  64K 1000000  RabinKarp(seed=0, offs=0, map=pow, mult=0x41c64e6d) 0 2 0.000119 1.0000 2 33 0.934464 0.9973
csv  64K 1000000  RabinKarp(seed=0, offs=1, map=pow, mult=0x41c64e6d) 0 2 0.000119 1.0000 2 33 0.934464 0.9973
csv  64K 1000000  RabinKarp(seed=1, offs=0, map=pow, mult=0x41c64e6d) 0 2 0.000119 1.0000 2 34 0.934464 0.9942
csv  64K 1000000  RabinKarp(seed=0, offs=0, map=pow, mult=0xfffffffd) 0 2 0.000121 1.0000 3 36 0.934464 0.9995
csv  64K 1000000  RabinKarp(seed=0, offs=0, map=ord, mult=0x55555555) 0 2 0.000122 1.0000 2 33 0.934464 1.0075
csv  64K 1000000  RabinKarp(seed=0, offs=0, map=ord, mult=0xfffffffd) 0 2 0.000122 1.0000 2 32 0.934464 0.9988
csv  64K 1000000  RabinKarp(seed=0, offs=0, map=pow, mult=0x55555555) 0 2 0.000128 1.0000 1 32 0.934464 1.0047
csv  64K 1000000       RollSum(seed=1, offs=0, map=pow, base=0x10000) 0 9 0.000129 0.9998 2 66 0.934464 0.6044
csv  64K 1000000       RollSum(seed=1, offs=0, map=mul, base=0x10000) 0 3 0.001527 0.9972 0 80 0.934775 0.2923
csv  64K 1000000       RollSum(seed=1, offs=0, map=ord, base=0x10000) 0 3 0.001527 0.9972 0 362 0.992228 0.0056
csv  64K 1000000      RollSum(seed=0, offs=31, map=ord, base=0x10000) 0 3 0.001527 0.9972 0 368 0.992231 0.0056
csv  64K 1000000                  CyclicPoly(seed=0, offs=0, map=pow) 0 2 0.003715 0.9929 2 35 0.934464 0.9933
csv  64K 1000000                  CyclicPoly(seed=0, offs=0, map=ord) 0 3 0.003741 0.9928 2 37 0.934464 0.9597
zip   1K 1000000  RabinKarp(seed=0, offs=0, map=pow, mult=0x55555555) 0 2 0.000096 1.0000 2 35 0.934464 1.0014
zip   1K 1000000   RabinKarp(seed=0, offs=0, map=pow, mult=0x8104225) 0 2 0.000105 1.0000 2 33 0.934464 1.0020
zip   1K 1000000  RabinKarp(seed=0, offs=0, map=pow, mult=0xfffffffd) 0 2 0.000116 1.0000 1 34 0.934464 0.9905
zip   1K 1000000   RabinKarp(seed=0, offs=0, map=ord, mult=0x8104225) 0 2 0.000120 1.0000 3 36 0.934464 0.9997
zip   1K 1000000                  CyclicPoly(seed=0, offs=0, map=pow) 0 2 0.000122 1.0000 1 34 0.934464 0.9973
zip   1K 1000000  RabinKarp(seed=0, offs=0, map=ord, mult=0x41c64e6d) 0 2 0.000126 1.0000 3 37 0.934464 1.0016
zip   1K 1000000  RabinKarp(seed=0, offs=1, map=ord, mult=0x41c64e6d) 0 2 0.000126 1.0000 3 37 0.934464 1.0016
zip   1K 1000000  RabinKarp(seed=1, offs=0, map=ord, mult=0x41c64e6d) 0 2 0.000126 1.0000 2 36 0.934464 0.9988
zip   1K 1000000  RabinKarp(seed=0, offs=0, map=pow, mult=0x41c64e6d) 0 2 0.000128 1.0000 3 34 0.934464 1.0096
zip   1K 1000000  RabinKarp(seed=0, offs=1, map=pow, mult=0x41c64e6d) 0 2 0.000128 1.0000 3 34 0.934464 1.0096
zip   1K 1000000  RabinKarp(seed=1, offs=0, map=pow, mult=0x41c64e6d) 0 2 0.000128 1.0000 2 34 0.934464 1.0085
zip   1K 1000000  RabinKarp(seed=0, offs=0, map=ord, mult=0x55555555) 0 2 0.000128 1.0000 3 34 0.934464 1.0014
zip   1K 1000000                  CyclicPoly(seed=0, offs=0, map=ord) 0 2 0.000136 1.0000 2 39 0.934464 0.9951
zip   1K 1000000       RollSum(seed=1, offs=0, map=pow, base=0x10000) 0 2 0.000138 1.0000 1 32 0.934464 0.9941
zip   1K 1000000  RabinKarp(seed=0, offs=0, map=ord, mult=0xfffffffd) 0 2 0.000141 1.0000 2 34 0.934464 0.9963
zip   1K 1000000       RollSum(seed=1, offs=0, map=mul, base=0x10000) 0 3 0.000641 0.9989 0 38 0.934465 0.7023
zip   1K 1000000      RollSum(seed=0, offs=31, map=ord, base=0x10000) 0 3 0.000641 0.9989 0 166 0.967608 0.0136
zip   1K 1000000       RollSum(seed=1, offs=0, map=ord, base=0x10000) 0 3 0.000641 0.9989 0 168 0.967617 0.0136
zip   4K 1000000  RabinKarp(seed=0, offs=0, map=ord, mult=0xfffffffd) 0 2 0.000093 1.0000 2 35 0.934464 1.0105
zip   4K 1000000  RabinKarp(seed=1, offs=0, map=pow, mult=0x41c64e6d) 0 2 0.000101 1.0000 2 35 0.934464 1.0017
zip   4K 1000000  RabinKarp(seed=0, offs=0, map=pow, mult=0x41c64e6d) 0 2 0.000101 1.0000 2 35 0.934464 0.9966
zip   4K 1000000  RabinKarp(seed=0, offs=1, map=pow, mult=0x41c64e6d) 0 2 0.000101 1.0000 2 35 0.934464 0.9966
zip   4K 1000000   RabinKarp(seed=0, offs=0, map=pow, mult=0x8104225) 0 2 0.000103 1.0000 2 36 0.934464 0.9990
zip   4K 1000000  RabinKarp(seed=0, offs=0, map=pow, mult=0x55555555) 0 2 0.000103 1.0000 2 34 0.934464 0.9988
zip   4K 1000000   RabinKarp(seed=0, offs=0, map=ord, mult=0x8104225) 0 2 0.000108 1.0000 3 34 0.934464 0.9968
zip   4K 1000000       RollSum(seed=1, offs=0, map=pow, base=0x10000) 0 2 0.000115 1.0000 2 36 0.934464 0.9986
zip   4K 1000000                  CyclicPoly(seed=0, offs=0, map=pow) 0 2 0.000117 1.0000 1 34 0.934464 1.0084
zip   4K 1000000  RabinKarp(seed=1, offs=0, map=ord, mult=0x41c64e6d) 0 2 0.000122 1.0000 2 34 0.934464 1.0001
zip   4K 1000000  RabinKarp(seed=0, offs=0, map=ord, mult=0x41c64e6d) 0 2 0.000122 1.0000 3 34 0.934464 1.0000
zip   4K 1000000  RabinKarp(seed=0, offs=1, map=ord, mult=0x41c64e6d) 0 2 0.000122 1.0000 3 34 0.934464 1.0000
zip   4K 1000000  RabinKarp(seed=0, offs=0, map=ord, mult=0x55555555) 0 2 0.000122 1.0000 2 33 0.934464 0.9846
zip   4K 1000000                  CyclicPoly(seed=0, offs=0, map=ord) 0 2 0.000123 1.0000 2 34 0.934464 1.0049
zip   4K 1000000  RabinKarp(seed=0, offs=0, map=pow, mult=0xfffffffd) 0 2 0.000125 1.0000 2 33 0.934464 0.9979
zip   4K 1000000       RollSum(seed=1, offs=0, map=mul, base=0x10000) 0 2 0.000291 0.9997 1 37 0.934464 0.9303
zip   4K 1000000      RollSum(seed=0, offs=31, map=ord, base=0x10000) 0 2 0.000291 0.9997 0 90 0.939478 0.0436
zip   4K 1000000       RollSum(seed=1, offs=0, map=ord, base=0x10000) 0 2 0.000291 0.9997 0 86 0.939497 0.0436
zip  16K 1000000       RollSum(seed=1, offs=0, map=pow, base=0x10000) 0 2 0.000101 1.0000 2 38 0.934464 1.0039
zip  16K 1000000                  CyclicPoly(seed=0, offs=0, map=ord) 0 2 0.000104 1.0000 2 36 0.934464 1.0024
zip  16K 1000000  RabinKarp(seed=0, offs=0, map=pow, mult=0x55555555) 0 2 0.000108 1.0000 2 34 0.934464 1.0039
zip  16K 1000000                  CyclicPoly(seed=0, offs=0, map=pow) 0 2 0.000110 1.0000 2 32 0.934464 0.9997
zip  16K 1000000  RabinKarp(seed=0, offs=0, map=ord, mult=0x41c64e6d) 0 2 0.000110 1.0000 2 32 0.934464 0.9988
zip  16K 1000000  RabinKarp(seed=0, offs=1, map=ord, mult=0x41c64e6d) 0 2 0.000110 1.0000 2 32 0.934464 0.9988
zip  16K 1000000  RabinKarp(seed=1, offs=0, map=ord, mult=0x41c64e6d) 0 2 0.000110 1.0000 2 33 0.934464 0.9953
zip  16K 1000000  RabinKarp(seed=0, offs=0, map=ord, mult=0xfffffffd) 0 2 0.000116 1.0000 2 34 0.934464 1.0017
zip  16K 1000000  RabinKarp(seed=0, offs=0, map=ord, mult=0x55555555) 0 2 0.000120 1.0000 2 33 0.934464 1.0002
zip  16K 1000000  RabinKarp(seed=0, offs=0, map=pow, mult=0xfffffffd) 0 2 0.000122 1.0000 2 35 0.934464 0.9958
zip  16K 1000000   RabinKarp(seed=0, offs=0, map=pow, mult=0x8104225) 0 2 0.000124 1.0000 1 34 0.934464 1.0078
zip  16K 1000000  RabinKarp(seed=1, offs=0, map=pow, mult=0x41c64e6d) 0 2 0.000126 1.0000 2 34 0.934464 1.0000
zip  16K 1000000  RabinKarp(seed=0, offs=0, map=pow, mult=0x41c64e6d) 0 2 0.000126 1.0000 2 34 0.934464 0.9939
zip  16K 1000000  RabinKarp(seed=0, offs=1, map=pow, mult=0x41c64e6d) 0 2 0.000126 1.0000 2 34 0.934464 0.9939
zip  16K 1000000       RollSum(seed=1, offs=0, map=mul, base=0x10000) 0 2 0.000127 1.0000 2 36 0.934464 0.9939
zip  16K 1000000      RollSum(seed=0, offs=31, map=ord, base=0x10000) 0 2 0.000127 1.0000 1 44 0.934464 0.4167
zip  16K 1000000       RollSum(seed=1, offs=0, map=ord, base=0x10000) 0 2 0.000127 1.0000 0 47 0.934465 0.4164
zip  16K 1000000   RabinKarp(seed=0, offs=0, map=ord, mult=0x8104225) 0 2 0.000131 1.0000 3 34 0.934464 1.0048
zip  64K 1000000  RabinKarp(seed=0, offs=0, map=ord, mult=0x41c64e6d) 0 2 0.000102 1.0000 2 33 0.934464 1.0133
zip  64K 1000000  RabinKarp(seed=0, offs=1, map=ord, mult=0x41c64e6d) 0 2 0.000102 1.0000 2 33 0.934464 1.0133
zip  64K 1000000  RabinKarp(seed=1, offs=0, map=ord, mult=0x41c64e6d) 0 2 0.000102 1.0000 2 32 0.934464 1.0095
zip  64K 1000000       RollSum(seed=1, offs=0, map=mul, base=0x10000) 0 2 0.000105 1.0000 2 34 0.934464 0.9916
zip  64K 1000000      RollSum(seed=0, offs=31, map=ord, base=0x10000) 0 2 0.000105 1.0000 1 46 0.934464 0.5232
zip  64K 1000000       RollSum(seed=1, offs=0, map=ord, base=0x10000) 0 2 0.000105 1.0000 1 44 0.934464 0.5230
zip  64K 1000000  RabinKarp(seed=0, offs=0, map=pow, mult=0x41c64e6d) 0 2 0.000107 1.0000 3 34 0.934464 1.0004
zip  64K 1000000  RabinKarp(seed=0, offs=1, map=pow, mult=0x41c64e6d) 0 2 0.000107 1.0000 3 34 0.934464 1.0004
zip  64K 1000000  RabinKarp(seed=1, offs=0, map=pow, mult=0x41c64e6d) 0 2 0.000107 1.0000 2 34 0.934464 1.0001
zip  64K 1000000  RabinKarp(seed=0, offs=0, map=pow, mult=0xfffffffd) 0 2 0.000108 1.0000 2 33 0.934464 0.9980
zip  64K 1000000  RabinKarp(seed=0, offs=0, map=ord, mult=0x55555555) 0 2 0.000109 1.0000 2 34 0.934464 1.0001
zip  64K 1000000  RabinKarp(seed=0, offs=0, map=ord, mult=0xfffffffd) 0 2 0.000110 1.0000 2 34 0.934464 1.0073
zip  64K 1000000  RabinKarp(seed=0, offs=0, map=pow, mult=0x55555555) 0 2 0.000114 1.0000 2 34 0.934464 1.0060
zip  64K 1000000   RabinKarp(seed=0, offs=0, map=pow, mult=0x8104225) 0 2 0.000115 1.0000 2 33 0.934464 1.0015
zip  64K 1000000                  CyclicPoly(seed=0, offs=0, map=ord) 0 2 0.000115 1.0000 2 34 0.934464 0.9961
zip  64K 1000000                  CyclicPoly(seed=0, offs=0, map=pow) 0 2 0.000116 1.0000 2 33 0.934464 1.0012
zip  64K 1000000   RabinKarp(seed=0, offs=0, map=ord, mult=0x8104225) 0 2 0.000119 1.0000 2 34 0.934464 1.0061
zip  64K 1000000       RollSum(seed=1, offs=0, map=pow, base=0x10000) 0 2 0.000122 1.0000 2 35 0.934464 0.9952
